2021-01-29 01:31:11.802  INFO DESKTOP-KABRR1S
			--- [ject.App.main()] c.m.F.App                                : Starting App on DESKTOP-KABRR1S with PID 3520 (C:\Users\dunge\spring-tools-workspace\FinalProject\target\classes started by dunge in C:\Users\dunge\spring-tools-workspace\FinalProject)
2021-01-29 01:31:11.824  INFO DESKTOP-KABRR1S
			--- [ject.App.main()] ationConfigEmbeddedWebApplicationContext : Refreshing org.springframework.boot.context.embedded.AnnotationConfigEmbeddedWebApplicationContext@5d07fa36: startup date [Fri Jan 29 17:31:11 PST 2021]; root of context hierarchy
2021-01-29 01:31:12.194  INFO DESKTOP-KABRR1S
			--- [ject.App.main()] o.s.b.f.s.DefaultListableBeanFactory     : Overriding bean definition for bean 'beanNameViewResolver': replacing [Root bean: class [null]; scope=; abstract=false; lazyInit=false; autowireMode=3; dependencyCheck=0; autowireCandidate=true; primary=false; factoryBeanName=org.springframework.boot.autoconfigure.web.ErrorMvcAutoConfiguration$WhitelabelErrorViewConfiguration; factoryMethodName=beanNameViewResolver; initMethodName=null; destroyMethodName=(inferred); defined in class path resource [org/springframework/boot/autoconfigure/web/ErrorMvcAutoConfiguration$WhitelabelErrorViewConfiguration.class]] with [Root bean: class [null]; scope=; abstract=false; lazyInit=false; autowireMode=3; dependencyCheck=0; autowireCandidate=true; primary=false; factoryBeanName=org.springframework.boot.autoconfigure.web.WebMvcAutoConfiguration$WebMvcAutoConfigurationAdapter; factoryMethodName=beanNameViewResolver; initMethodName=null; destroyMethodName=(inferred); defined in class path resource [org/springframework/boot/autoconfigure/web/WebMvcAutoConfiguration$WebMvcAutoConfigurationAdapter.class]]
2021-01-29 01:31:12.502  INFO DESKTOP-KABRR1S
			--- [ject.App.main()] o.h.v.i.u.Version                        : HV000001: Hibernate Validator 5.1.3.Final
2021-01-29 01:31:12.603  INFO DESKTOP-KABRR1S
			--- [ject.App.main()] trationDelegate$BeanPostProcessorChecker : Bean 'org.springframework.transaction.annotation.ProxyTransactionManagementConfiguration' of type [class org.springframework.transaction.annotation.ProxyTransactionManagementConfiguration$$EnhancerBySpringCGLIB$$2286ff09] is not eligible for getting processed by all BeanPostProcessors (for example: not eligible for auto-proxying)
2021-01-29 01:31:12.618  INFO DESKTOP-KABRR1S
			--- [ject.App.main()] trationDelegate$BeanPostProcessorChecker : Bean 'transactionAttributeSource' of type [class org.springframework.transaction.annotation.AnnotationTransactionAttributeSource] is not eligible for getting processed by all BeanPostProcessors (for example: not eligible for auto-proxying)
2021-01-29 01:31:12.624  INFO DESKTOP-KABRR1S
			--- [ject.App.main()] trationDelegate$BeanPostProcessorChecker : Bean 'transactionInterceptor' of type [class org.springframework.transaction.interceptor.TransactionInterceptor] is not eligible for getting processed by all BeanPostProcessors (for example: not eligible for auto-proxying)
2021-01-29 01:31:12.626  INFO DESKTOP-KABRR1S
			--- [ject.App.main()] trationDelegate$BeanPostProcessorChecker : Bean 'org.springframework.transaction.config.internalTransactionAdvisor' of type [class org.springframework.transaction.interceptor.BeanFactoryTransactionAttributeSourceAdvisor] is not eligible for getting processed by all BeanPostProcessors (for example: not eligible for auto-proxying)
2021-01-29 01:31:13.001  INFO DESKTOP-KABRR1S
			--- [ject.App.main()] s.b.c.e.t.TomcatEmbeddedServletContainer : Tomcat initialized with port(s): 8080 (http)
2021-01-29 01:31:13.078  INFO DESKTOP-KABRR1S
			--- [ject.App.main()] o.a.c.c.StandardService                  : Starting service Tomcat
2021-01-29 01:31:13.079  INFO DESKTOP-KABRR1S
			--- [ject.App.main()] o.a.c.c.StandardEngine                   : Starting Servlet Engine: Apache Tomcat/8.0.26
2021-01-29 01:31:13.141  INFO DESKTOP-KABRR1S
			--- [ost-startStop-1] o.a.c.c.C.[.[.[/]                        : Initializing Spring embedded WebApplicationContext
2021-01-29 01:31:13.142  INFO DESKTOP-KABRR1S
			--- [ost-startStop-1] o.s.w.c.ContextLoader                    : Root WebApplicationContext: initialization completed in 1318 ms
2021-01-29 01:31:13.514  INFO DESKTOP-KABRR1S
			--- [ost-startStop-1] o.s.b.c.e.ServletRegistrationBean        : Mapping servlet: 'dispatcherServlet' to [/]
2021-01-29 01:31:13.517  INFO DESKTOP-KABRR1S
			--- [ost-startStop-1] o.s.b.c.e.FilterRegistrationBean         : Mapping filter: 'characterEncodingFilter' to: [/*]
2021-01-29 01:31:13.518  INFO DESKTOP-KABRR1S
			--- [ost-startStop-1] o.s.b.c.e.FilterRegistrationBean         : Mapping filter: 'hiddenHttpMethodFilter' to: [/*]
2021-01-29 01:31:13.674  INFO DESKTOP-KABRR1S
			--- [ject.App.main()] j.LocalContainerEntityManagerFactoryBean : Building JPA container EntityManagerFactory for persistence unit 'default'
2021-01-29 01:31:13.681  INFO DESKTOP-KABRR1S
			--- [ject.App.main()] o.h.j.i.u.LogHelper                      : HHH000204: Processing PersistenceUnitInfo [
	name: default
	...]
2021-01-29 01:31:13.734  INFO DESKTOP-KABRR1S
			--- [ject.App.main()] o.h.Version                              : HHH000412: Hibernate Core {4.3.11.Final}
2021-01-29 01:31:13.736  INFO DESKTOP-KABRR1S
			--- [ject.App.main()] o.h.c.Environment                        : HHH000206: hibernate.properties not found
2021-01-29 01:31:13.737  INFO DESKTOP-KABRR1S
			--- [ject.App.main()] o.h.c.Environment                        : HHH000021: Bytecode provider name : javassist
2021-01-29 01:31:13.847  INFO DESKTOP-KABRR1S
			--- [ject.App.main()] o.h.a.c.Version                          : HCANN000001: Hibernate Commons Annotations {4.0.5.Final}
2021-01-29 01:31:14.539  INFO DESKTOP-KABRR1S
			--- [ject.App.main()] o.h.d.Dialect                            : HHH000400: Using dialect: org.hibernate.dialect.MySQL5Dialect
2021-01-29 01:31:14.594  WARN DESKTOP-KABRR1S
			--- [ject.App.main()] ationConfigEmbeddedWebApplicationContext : Exception encountered during context initialization - cancelling refresh attempt
org.springframework.beans.factory.BeanCreationException: Error creating bean with name 'entityManagerFactory' defined in class path resource [org/springframework/boot/autoconfigure/orm/jpa/HibernateJpaAutoConfiguration.class]: Invocation of init method failed; nested exception is javax.persistence.PersistenceException: [PersistenceUnit: default] Unable to build Hibernate SessionFactory
	at org.springframework.beans.factory.support.AbstractAutowireCapableBeanFactory.initializeBean(AbstractAutowireCapableBeanFactory.java:1574)
	at org.springframework.beans.factory.support.AbstractAutowireCapableBeanFactory.doCreateBean(AbstractAutowireCapableBeanFactory.java:539)
	at org.springframework.beans.factory.support.AbstractAutowireCapableBeanFactory.createBean(AbstractAutowireCapableBeanFactory.java:476)
	at org.springframework.beans.factory.support.AbstractBeanFactory$1.getObject(AbstractBeanFactory.java:303)
	at org.springframework.beans.factory.support.DefaultSingletonBeanRegistry.getSingleton(DefaultSingletonBeanRegistry.java:230)
	at org.springframework.beans.factory.support.AbstractBeanFactory.doGetBean(AbstractBeanFactory.java:299)
	at org.springframework.beans.factory.support.AbstractBeanFactory.getBean(AbstractBeanFactory.java:194)
	at org.springframework.context.support.AbstractApplicationContext.getBean(AbstractApplicationContext.java:956)
	at org.springframework.context.support.AbstractApplicationContext.finishBeanFactoryInitialization(AbstractApplicationContext.java:747)
	at org.springframework.context.support.AbstractApplicationContext.refresh(AbstractApplicationContext.java:480)
	at org.springframework.boot.context.embedded.EmbeddedWebApplicationContext.refresh(EmbeddedWebApplicationContext.java:118)
	at org.springframework.boot.SpringApplication.refresh(SpringApplication.java:687)
	at org.springframework.boot.SpringApplication.run(SpringApplication.java:321)
	at org.springframework.boot.SpringApplication.run(SpringApplication.java:967)
	at org.springframework.boot.SpringApplication.run(SpringApplication.java:956)
	at com.mwersky.FinalProject.App.main(App.java:13)
	at sun.reflect.NativeMethodAccessorImpl.invoke0(Native Method)
	at sun.reflect.NativeMethodAccessorImpl.invoke(NativeMethodAccessorImpl.java:62)
	at sun.reflect.DelegatingMethodAccessorImpl.invoke(DelegatingMethodAccessorImpl.java:43)
	at java.lang.reflect.Method.invoke(Method.java:498)
	at org.springframework.boot.maven.RunMojo$LaunchRunner.run(RunMojo.java:418)
	at java.lang.Thread.run(Thread.java:748)
Caused by: javax.persistence.PersistenceException: [PersistenceUnit: default] Unable to build Hibernate SessionFactory
	at org.hibernate.jpa.boot.internal.EntityManagerFactoryBuilderImpl.persistenceException(EntityManagerFactoryBuilderImpl.java:1249)
	at org.hibernate.jpa.boot.internal.EntityManagerFactoryBuilderImpl.access$600(EntityManagerFactoryBuilderImpl.java:120)
	at org.hibernate.jpa.boot.internal.EntityManagerFactoryBuilderImpl$4.perform(EntityManagerFactoryBuilderImpl.java:860)
	at org.hibernate.jpa.boot.internal.EntityManagerFactoryBuilderImpl$4.perform(EntityManagerFactoryBuilderImpl.java:850)
	at org.hibernate.boot.registry.classloading.internal.ClassLoaderServiceImpl.withTccl(ClassLoaderServiceImpl.java:425)
	at org.hibernate.jpa.boot.internal.EntityManagerFactoryBuilderImpl.build(EntityManagerFactoryBuilderImpl.java:849)
	at org.springframework.orm.jpa.vendor.SpringHibernateJpaPersistenceProvider.createContainerEntityManagerFactory(SpringHibernateJpaPersistenceProvider.java:60)
	at org.springframework.orm.jpa.LocalContainerEntityManagerFactoryBean.createNativeEntityManagerFactory(LocalContainerEntityManagerFactoryBean.java:343)
	at org.springframework.orm.jpa.AbstractEntityManagerFactoryBean.afterPropertiesSet(AbstractEntityManagerFactoryBean.java:318)
	at org.springframework.beans.factory.support.AbstractAutowireCapableBeanFactory.invokeInitMethods(AbstractAutowireCapableBeanFactory.java:1633)
	at org.springframework.beans.factory.support.AbstractAutowireCapableBeanFactory.initializeBean(AbstractAutowireCapableBeanFactory.java:1570)
	... 21 more
Caused by: org.hibernate.AnnotationException: No identifier specified for entity: com.mwersky.FinalProject.entity.Card
	at org.hibernate.cfg.InheritanceState.determineDefaultAccessType(InheritanceState.java:277)
	at org.hibernate.cfg.InheritanceState.getElementsToProcess(InheritanceState.java:224)
	at org.hibernate.cfg.AnnotationBinder.bindClass(AnnotationBinder.java:775)
	at org.hibernate.cfg.Configuration$MetadataSourceQueue.processAnnotatedClassesQueue(Configuration.java:3845)
	at org.hibernate.cfg.Configuration$MetadataSourceQueue.processMetadata(Configuration.java:3799)
	at org.hibernate.cfg.Configuration.secondPassCompile(Configuration.java:1412)
	at org.hibernate.cfg.Configuration.buildSessionFactory(Configuration.java:1846)
	at org.hibernate.jpa.boot.internal.EntityManagerFactoryBuilderImpl$4.perform(EntityManagerFactoryBuilderImpl.java:857)
	... 29 more
2021-01-29 01:31:14.628  INFO DESKTOP-KABRR1S
			--- [ject.App.main()] o.a.c.c.StandardService                  : Stopping service Tomcat
2021-01-29 01:31:14.635  INFO DESKTOP-KABRR1S
			--- [ject.App.main()] .b.l.ClasspathLoggingApplicationListener : Application failed to start with classpath: [file:/C:/Users/dunge/spring-tools-workspace/FinalProject/src/main/resources/, file:/C:/Users/dunge/spring-tools-workspace/FinalProject/src/main/resources/, file:/C:/Users/dunge/spring-tools-workspace/FinalProject/target/classes/, file:/C:/Users/dunge/.m2/repository/org/springframework/data/spring-data-jpa/1.7.3.RELEASE/spring-data-jpa-1.7.3.RELEASE.jar, file:/C:/Users/dunge/.m2/repository/com/google/protobuf/protobuf-java/3.11.4/protobuf-java-3.11.4.jar, file:/C:/Users/dunge/.m2/repository/org/yaml/snakeyaml/1.14/snakeyaml-1.14.jar, file:/C:/Users/dunge/.m2/repository/aopalliance/aopalliance/1.0/aopalliance-1.0.jar, file:/C:/Users/dunge/.m2/repository/org/springframework/spring-beans/4.1.7.RELEASE/spring-beans-4.1.7.RELEASE.jar, file:/C:/Users/dunge/.m2/repository/org/apache/logging/log4j/log4j-core/2.1/log4j-core-2.1.jar, file:/C:/Users/dunge/.m2/repository/org/slf4j/slf4j-api/1.7.12/slf4j-api-1.7.12.jar, file:/C:/Users/dunge/.m2/repository/xml-apis/xml-apis/1.0.b2/xml-apis-1.0.b2.jar, file:/C:/Users/dunge/.m2/repository/org/slf4j/jcl-over-slf4j/1.7.12/jcl-over-slf4j-1.7.12.jar, file:/C:/Users/dunge/.m2/repository/antlr/antlr/2.7.7/antlr-2.7.7.jar, file:/C:/Users/dunge/.m2/repository/org/springframework/data/spring-data-commons/1.9.3.RELEASE/spring-data-commons-1.9.3.RELEASE.jar, file:/C:/Users/dunge/.m2/repository/org/springframework/spring-jdbc/4.1.7.RELEASE/spring-jdbc-4.1.7.RELEASE.jar, file:/C:/Users/dunge/.m2/repository/org/apache/logging/log4j/log4j-slf4j-impl/2.1/log4j-slf4j-impl-2.1.jar, file:/C:/Users/dunge/.m2/repository/org/springframework/spring-aop/4.1.7.RELEASE/spring-aop-4.1.7.RELEASE.jar, file:/C:/Users/dunge/.m2/repository/org/springframework/security/spring-security-crypto/5.1.2.RELEASE/spring-security-crypto-5.1.2.RELEASE.jar, file:/C:/Users/dunge/.m2/repository/org/springframework/boot/spring-boot-autoconfigure/1.2.6.RELEASE/spring-boot-autoconfigure-1.2.6.RELEASE.jar, file:/C:/Users/dunge/.m2/repository/org/apache/tomcat/embed/tomcat-embed-core/8.0.26/tomcat-embed-core-8.0.26.jar, file:/C:/Users/dunge/.m2/repository/org/aspectj/aspectjweaver/1.8.6/aspectjweaver-1.8.6.jar, file:/C:/Users/dunge/.m2/repository/org/springframework/boot/spring-boot-starter-web/1.2.6.RELEASE/spring-boot-starter-web-1.2.6.RELEASE.jar, file:/C:/Users/dunge/.m2/repository/com/fasterxml/jackson/core/jackson-annotations/2.4.6/jackson-annotations-2.4.6.jar, file:/C:/Users/dunge/.m2/repository/org/springframework/boot/spring-boot/1.2.6.RELEASE/spring-boot-1.2.6.RELEASE.jar, file:/C:/Users/dunge/.m2/repository/javax/validation/validation-api/1.1.0.Final/validation-api-1.1.0.Final.jar, file:/C:/Users/dunge/.m2/repository/org/apache/tomcat/embed/tomcat-embed-el/8.0.26/tomcat-embed-el-8.0.26.jar, file:/C:/Users/dunge/.m2/repository/dom4j/dom4j/1.6.1/dom4j-1.6.1.jar, file:/C:/Users/dunge/.m2/repository/org/springframework/spring-expression/4.1.7.RELEASE/spring-expression-4.1.7.RELEASE.jar, file:/C:/Users/dunge/.m2/repository/org/springframework/boot/spring-boot-starter-aop/1.2.6.RELEASE/spring-boot-starter-aop-1.2.6.RELEASE.jar, file:/C:/Users/dunge/.m2/repository/org/springframework/boot/spring-boot-starter-jdbc/1.2.6.RELEASE/spring-boot-starter-jdbc-1.2.6.RELEASE.jar, file:/C:/Users/dunge/.m2/repository/com/fasterxml/classmate/1.0.0/classmate-1.0.0.jar, file:/C:/Users/dunge/.m2/repository/org/springframework/spring-aspects/4.1.7.RELEASE/spring-aspects-4.1.7.RELEASE.jar, file:/C:/Users/dunge/.m2/repository/org/apache/tomcat/tomcat-jdbc/8.0.26/tomcat-jdbc-8.0.26.jar, file:/C:/Users/dunge/.m2/repository/org/hibernate/hibernate-core/4.3.11.Final/hibernate-core-4.3.11.Final.jar, file:/C:/Users/dunge/.m2/repository/org/springframework/spring-orm/4.1.7.RELEASE/spring-orm-4.1.7.RELEASE.jar, file:/C:/Users/dunge/.m2/repository/org/apache/tomcat/tomcat-juli/8.0.26/tomcat-juli-8.0.26.jar, file:/C:/Users/dunge/.m2/repository/org/springframework/boot/spring-boot-starter-data-jpa/1.2.6.RELEASE/spring-boot-starter-data-jpa-1.2.6.RELEASE.jar, file:/C:/Users/dunge/.m2/repository/org/jboss/jandex/1.1.0.Final/jandex-1.1.0.Final.jar, file:/C:/Users/dunge/.m2/repository/org/hibernate/javax/persistence/hibernate-jpa-2.1-api/1.0.0.Final/hibernate-jpa-2.1-api-1.0.0.Final.jar, file:/C:/Users/dunge/.m2/repository/org/springframework/boot/spring-boot-starter-log4j2/1.2.6.RELEASE/spring-boot-starter-log4j2-1.2.6.RELEASE.jar, file:/C:/Users/dunge/.m2/repository/org/slf4j/jul-to-slf4j/1.7.12/jul-to-slf4j-1.7.12.jar, file:/C:/Users/dunge/.m2/repository/com/fasterxml/jackson/core/jackson-databind/2.4.6/jackson-databind-2.4.6.jar, file:/C:/Users/dunge/.m2/repository/org/jboss/logging/jboss-logging/3.1.3.GA/jboss-logging-3.1.3.GA.jar, file:/C:/Users/dunge/.m2/repository/org/apache/tomcat/embed/tomcat-embed-websocket/8.0.26/tomcat-embed-websocket-8.0.26.jar, file:/C:/Users/dunge/.m2/repository/org/springframework/spring-webmvc/4.1.7.RELEASE/spring-webmvc-4.1.7.RELEASE.jar, file:/C:/Users/dunge/.m2/repository/org/hibernate/hibernate-entitymanager/4.3.11.Final/hibernate-entitymanager-4.3.11.Final.jar, file:/C:/Users/dunge/.m2/repository/org/javassist/javassist/3.18.1-GA/javassist-3.18.1-GA.jar, file:/C:/Users/dunge/.m2/repository/org/apache/tomcat/embed/tomcat-embed-logging-juli/8.0.26/tomcat-embed-logging-juli-8.0.26.jar, file:/C:/Users/dunge/.m2/repository/org/hibernate/hibernate-validator/5.1.3.Final/hibernate-validator-5.1.3.Final.jar, file:/C:/Users/dunge/.m2/repository/org/springframework/spring-context/4.1.7.RELEASE/spring-context-4.1.7.RELEASE.jar, file:/C:/Users/dunge/.m2/repository/org/apache/logging/log4j/log4j-api/2.1/log4j-api-2.1.jar, file:/C:/Users/dunge/.m2/repository/org/hibernate/common/hibernate-commons-annotations/4.0.5.Final/hibernate-commons-annotations-4.0.5.Final.jar, file:/C:/Users/dunge/.m2/repository/org/springframework/boot/spring-boot-starter-tomcat/1.2.6.RELEASE/spring-boot-starter-tomcat-1.2.6.RELEASE.jar, file:/C:/Users/dunge/.m2/repository/org/jboss/logging/jboss-logging-annotations/1.2.0.Beta1/jboss-logging-annotations-1.2.0.Beta1.jar, file:/C:/Users/dunge/.m2/repository/org/springframework/spring-web/4.1.7.RELEASE/spring-web-4.1.7.RELEASE.jar, file:/C:/Users/dunge/.m2/repository/mysql/mysql-connector-java/8.0.22/mysql-connector-java-8.0.22.jar, file:/C:/Users/dunge/.m2/repository/javax/transaction/javax.transaction-api/1.2/javax.transaction-api-1.2.jar, file:/C:/Users/dunge/.m2/repository/org/springframework/spring-tx/4.1.7.RELEASE/spring-tx-4.1.7.RELEASE.jar, file:/C:/Users/dunge/.m2/repository/org/aspectj/aspectjrt/1.8.6/aspectjrt-1.8.6.jar, file:/C:/Users/dunge/.m2/repository/com/fasterxml/jackson/core/jackson-core/2.4.6/jackson-core-2.4.6.jar, file:/C:/Users/dunge/.m2/repository/org/springframework/boot/spring-boot-starter/1.2.6.RELEASE/spring-boot-starter-1.2.6.RELEASE.jar, file:/C:/Users/dunge/.m2/repository/org/springframework/spring-core/4.1.7.RELEASE/spring-core-4.1.7.RELEASE.jar]
2021-01-29 01:31:14.636  INFO DESKTOP-KABRR1S
			--- [ject.App.main()] utoConfigurationReportLoggingInitializer : 

Error starting ApplicationContext. To display the auto-configuration report enable debug logging (start with --debug)


2021-01-29 01:31:14.636 ERROR DESKTOP-KABRR1S
			--- [ject.App.main()] o.s.b.SpringApplication                  : Application startup failed
org.springframework.beans.factory.BeanCreationException: Error creating bean with name 'entityManagerFactory' defined in class path resource [org/springframework/boot/autoconfigure/orm/jpa/HibernateJpaAutoConfiguration.class]: Invocation of init method failed; nested exception is javax.persistence.PersistenceException: [PersistenceUnit: default] Unable to build Hibernate SessionFactory
	at org.springframework.beans.factory.support.AbstractAutowireCapableBeanFactory.initializeBean(AbstractAutowireCapableBeanFactory.java:1574)
	at org.springframework.beans.factory.support.AbstractAutowireCapableBeanFactory.doCreateBean(AbstractAutowireCapableBeanFactory.java:539)
	at org.springframework.beans.factory.support.AbstractAutowireCapableBeanFactory.createBean(AbstractAutowireCapableBeanFactory.java:476)
	at org.springframework.beans.factory.support.AbstractBeanFactory$1.getObject(AbstractBeanFactory.java:303)
	at org.springframework.beans.factory.support.DefaultSingletonBeanRegistry.getSingleton(DefaultSingletonBeanRegistry.java:230)
	at org.springframework.beans.factory.support.AbstractBeanFactory.doGetBean(AbstractBeanFactory.java:299)
	at org.springframework.beans.factory.support.AbstractBeanFactory.getBean(AbstractBeanFactory.java:194)
	at org.springframework.context.support.AbstractApplicationContext.getBean(AbstractApplicationContext.java:956)
	at org.springframework.context.support.AbstractApplicationContext.finishBeanFactoryInitialization(AbstractApplicationContext.java:747)
	at org.springframework.context.support.AbstractApplicationContext.refresh(AbstractApplicationContext.java:480)
	at org.springframework.boot.context.embedded.EmbeddedWebApplicationContext.refresh(EmbeddedWebApplicationContext.java:118)
	at org.springframework.boot.SpringApplication.refresh(SpringApplication.java:687)
	at org.springframework.boot.SpringApplication.run(SpringApplication.java:321)
	at org.springframework.boot.SpringApplication.run(SpringApplication.java:967)
	at org.springframework.boot.SpringApplication.run(SpringApplication.java:956)
	at com.mwersky.FinalProject.App.main(App.java:13)
	at sun.reflect.NativeMethodAccessorImpl.invoke0(Native Method)
	at sun.reflect.NativeMethodAccessorImpl.invoke(NativeMethodAccessorImpl.java:62)
	at sun.reflect.DelegatingMethodAccessorImpl.invoke(DelegatingMethodAccessorImpl.java:43)
	at java.lang.reflect.Method.invoke(Method.java:498)
	at org.springframework.boot.maven.RunMojo$LaunchRunner.run(RunMojo.java:418)
	at java.lang.Thread.run(Thread.java:748)
Caused by: javax.persistence.PersistenceException: [PersistenceUnit: default] Unable to build Hibernate SessionFactory
	at org.hibernate.jpa.boot.internal.EntityManagerFactoryBuilderImpl.persistenceException(EntityManagerFactoryBuilderImpl.java:1249)
	at org.hibernate.jpa.boot.internal.EntityManagerFactoryBuilderImpl.access$600(EntityManagerFactoryBuilderImpl.java:120)
	at org.hibernate.jpa.boot.internal.EntityManagerFactoryBuilderImpl$4.perform(EntityManagerFactoryBuilderImpl.java:860)
	at org.hibernate.jpa.boot.internal.EntityManagerFactoryBuilderImpl$4.perform(EntityManagerFactoryBuilderImpl.java:850)
	at org.hibernate.boot.registry.classloading.internal.ClassLoaderServiceImpl.withTccl(ClassLoaderServiceImpl.java:425)
	at org.hibernate.jpa.boot.internal.EntityManagerFactoryBuilderImpl.build(EntityManagerFactoryBuilderImpl.java:849)
	at org.springframework.orm.jpa.vendor.SpringHibernateJpaPersistenceProvider.createContainerEntityManagerFactory(SpringHibernateJpaPersistenceProvider.java:60)
	at org.springframework.orm.jpa.LocalContainerEntityManagerFactoryBean.createNativeEntityManagerFactory(LocalContainerEntityManagerFactoryBean.java:343)
	at org.springframework.orm.jpa.AbstractEntityManagerFactoryBean.afterPropertiesSet(AbstractEntityManagerFactoryBean.java:318)
	at org.springframework.beans.factory.support.AbstractAutowireCapableBeanFactory.invokeInitMethods(AbstractAutowireCapableBeanFactory.java:1633)
	at org.springframework.beans.factory.support.AbstractAutowireCapableBeanFactory.initializeBean(AbstractAutowireCapableBeanFactory.java:1570)
	... 21 more
Caused by: org.hibernate.AnnotationException: No identifier specified for entity: com.mwersky.FinalProject.entity.Card
	at org.hibernate.cfg.InheritanceState.determineDefaultAccessType(InheritanceState.java:277)
	at org.hibernate.cfg.InheritanceState.getElementsToProcess(InheritanceState.java:224)
	at org.hibernate.cfg.AnnotationBinder.bindClass(AnnotationBinder.java:775)
	at org.hibernate.cfg.Configuration$MetadataSourceQueue.processAnnotatedClassesQueue(Configuration.java:3845)
	at org.hibernate.cfg.Configuration$MetadataSourceQueue.processMetadata(Configuration.java:3799)
	at org.hibernate.cfg.Configuration.secondPassCompile(Configuration.java:1412)
	at org.hibernate.cfg.Configuration.buildSessionFactory(Configuration.java:1846)
	at org.hibernate.jpa.boot.internal.EntityManagerFactoryBuilderImpl$4.perform(EntityManagerFactoryBuilderImpl.java:857)
	... 29 more
2021-01-29 01:33:18.820  INFO DESKTOP-KABRR1S
			--- [ject.App.main()] c.m.F.App                                : Starting App on DESKTOP-KABRR1S with PID 256 (C:\Users\dunge\spring-tools-workspace\FinalProject\target\classes started by dunge in C:\Users\dunge\spring-tools-workspace\FinalProject)
2021-01-29 01:33:18.846  INFO DESKTOP-KABRR1S
			--- [ject.App.main()] ationConfigEmbeddedWebApplicationContext : Refreshing org.springframework.boot.context.embedded.AnnotationConfigEmbeddedWebApplicationContext@3b8330e4: startup date [Fri Jan 29 17:33:18 PST 2021]; root of context hierarchy
2021-01-29 01:33:19.253  INFO DESKTOP-KABRR1S
			--- [ject.App.main()] o.s.b.f.s.DefaultListableBeanFactory     : Overriding bean definition for bean 'beanNameViewResolver': replacing [Root bean: class [null]; scope=; abstract=false; lazyInit=false; autowireMode=3; dependencyCheck=0; autowireCandidate=true; primary=false; factoryBeanName=org.springframework.boot.autoconfigure.web.ErrorMvcAutoConfiguration$WhitelabelErrorViewConfiguration; factoryMethodName=beanNameViewResolver; initMethodName=null; destroyMethodName=(inferred); defined in class path resource [org/springframework/boot/autoconfigure/web/ErrorMvcAutoConfiguration$WhitelabelErrorViewConfiguration.class]] with [Root bean: class [null]; scope=; abstract=false; lazyInit=false; autowireMode=3; dependencyCheck=0; autowireCandidate=true; primary=false; factoryBeanName=org.springframework.boot.autoconfigure.web.WebMvcAutoConfiguration$WebMvcAutoConfigurationAdapter; factoryMethodName=beanNameViewResolver; initMethodName=null; destroyMethodName=(inferred); defined in class path resource [org/springframework/boot/autoconfigure/web/WebMvcAutoConfiguration$WebMvcAutoConfigurationAdapter.class]]
2021-01-29 01:33:19.586  INFO DESKTOP-KABRR1S
			--- [ject.App.main()] o.h.v.i.u.Version                        : HV000001: Hibernate Validator 5.1.3.Final
2021-01-29 01:33:19.702  INFO DESKTOP-KABRR1S
			--- [ject.App.main()] trationDelegate$BeanPostProcessorChecker : Bean 'org.springframework.transaction.annotation.ProxyTransactionManagementConfiguration' of type [class org.springframework.transaction.annotation.ProxyTransactionManagementConfiguration$$EnhancerBySpringCGLIB$$d49023eb] is not eligible for getting processed by all BeanPostProcessors (for example: not eligible for auto-proxying)
2021-01-29 01:33:19.720  INFO DESKTOP-KABRR1S
			--- [ject.App.main()] trationDelegate$BeanPostProcessorChecker : Bean 'transactionAttributeSource' of type [class org.springframework.transaction.annotation.AnnotationTransactionAttributeSource] is not eligible for getting processed by all BeanPostProcessors (for example: not eligible for auto-proxying)
2021-01-29 01:33:19.727  INFO DESKTOP-KABRR1S
			--- [ject.App.main()] trationDelegate$BeanPostProcessorChecker : Bean 'transactionInterceptor' of type [class org.springframework.transaction.interceptor.TransactionInterceptor] is not eligible for getting processed by all BeanPostProcessors (for example: not eligible for auto-proxying)
2021-01-29 01:33:19.730  INFO DESKTOP-KABRR1S
			--- [ject.App.main()] trationDelegate$BeanPostProcessorChecker : Bean 'org.springframework.transaction.config.internalTransactionAdvisor' of type [class org.springframework.transaction.interceptor.BeanFactoryTransactionAttributeSourceAdvisor] is not eligible for getting processed by all BeanPostProcessors (for example: not eligible for auto-proxying)
2021-01-29 01:33:20.123  INFO DESKTOP-KABRR1S
			--- [ject.App.main()] s.b.c.e.t.TomcatEmbeddedServletContainer : Tomcat initialized with port(s): 8080 (http)
2021-01-29 01:33:20.205  INFO DESKTOP-KABRR1S
			--- [ject.App.main()] o.a.c.c.StandardService                  : Starting service Tomcat
2021-01-29 01:33:20.207  INFO DESKTOP-KABRR1S
			--- [ject.App.main()] o.a.c.c.StandardEngine                   : Starting Servlet Engine: Apache Tomcat/8.0.26
2021-01-29 01:33:20.272  INFO DESKTOP-KABRR1S
			--- [ost-startStop-1] o.a.c.c.C.[.[.[/]                        : Initializing Spring embedded WebApplicationContext
2021-01-29 01:33:20.272  INFO DESKTOP-KABRR1S
			--- [ost-startStop-1] o.s.w.c.ContextLoader                    : Root WebApplicationContext: initialization completed in 1428 ms
2021-01-29 01:33:20.687  INFO DESKTOP-KABRR1S
			--- [ost-startStop-1] o.s.b.c.e.ServletRegistrationBean        : Mapping servlet: 'dispatcherServlet' to [/]
2021-01-29 01:33:20.691  INFO DESKTOP-KABRR1S
			--- [ost-startStop-1] o.s.b.c.e.FilterRegistrationBean         : Mapping filter: 'characterEncodingFilter' to: [/*]
2021-01-29 01:33:20.691  INFO DESKTOP-KABRR1S
			--- [ost-startStop-1] o.s.b.c.e.FilterRegistrationBean         : Mapping filter: 'hiddenHttpMethodFilter' to: [/*]
2021-01-29 01:33:20.852  INFO DESKTOP-KABRR1S
			--- [ject.App.main()] j.LocalContainerEntityManagerFactoryBean : Building JPA container EntityManagerFactory for persistence unit 'default'
2021-01-29 01:33:20.864  INFO DESKTOP-KABRR1S
			--- [ject.App.main()] o.h.j.i.u.LogHelper                      : HHH000204: Processing PersistenceUnitInfo [
	name: default
	...]
2021-01-29 01:33:20.932  INFO DESKTOP-KABRR1S
			--- [ject.App.main()] o.h.Version                              : HHH000412: Hibernate Core {4.3.11.Final}
2021-01-29 01:33:20.934  INFO DESKTOP-KABRR1S
			--- [ject.App.main()] o.h.c.Environment                        : HHH000206: hibernate.properties not found
2021-01-29 01:33:20.935  INFO DESKTOP-KABRR1S
			--- [ject.App.main()] o.h.c.Environment                        : HHH000021: Bytecode provider name : javassist
2021-01-29 01:33:21.047  INFO DESKTOP-KABRR1S
			--- [ject.App.main()] o.h.a.c.Version                          : HCANN000001: Hibernate Commons Annotations {4.0.5.Final}
2021-01-29 01:33:21.764  INFO DESKTOP-KABRR1S
			--- [ject.App.main()] o.h.d.Dialect                            : HHH000400: Using dialect: org.hibernate.dialect.MySQL5Dialect
2021-01-29 01:33:21.847  INFO DESKTOP-KABRR1S
			--- [ject.App.main()] o.h.h.i.a.ASTQueryTranslatorFactory      : HHH000397: Using ASTQueryTranslatorFactory
2021-01-29 01:33:22.199  INFO DESKTOP-KABRR1S
			--- [ject.App.main()] o.h.t.h.SchemaExport                     : HHH000227: Running hbm2ddl schema export
2021-01-29 01:33:22.312  INFO DESKTOP-KABRR1S
			--- [ject.App.main()] o.h.t.h.SchemaExport                     : HHH000230: Schema export complete
2021-01-29 01:33:22.645  INFO DESKTOP-KABRR1S
			--- [ject.App.main()] s.w.s.m.m.a.RequestMappingHandlerAdapter : Looking for @ControllerAdvice: org.springframework.boot.context.embedded.AnnotationConfigEmbeddedWebApplicationContext@3b8330e4: startup date [Fri Jan 29 17:33:18 PST 2021]; root of context hierarchy
2021-01-29 01:33:22.698  INFO DESKTOP-KABRR1S
			--- [ject.App.main()] s.w.s.m.m.a.RequestMappingHandlerMapping : Mapped "{[/users/login],methods=[POST]}" onto public org.springframework.http.ResponseEntity<java.lang.Object> com.mwersky.FinalProject.controller.UserController.login(com.mwersky.FinalProject.entity.Credentials)
2021-01-29 01:33:22.699  INFO DESKTOP-KABRR1S
			--- [ject.App.main()] s.w.s.m.m.a.RequestMappingHandlerMapping : Mapped "{[/users],methods=[GET]}" onto public org.springframework.http.ResponseEntity<java.lang.Object> com.mwersky.FinalProject.controller.UserController.getUsers()
2021-01-29 01:33:22.699  INFO DESKTOP-KABRR1S
			--- [ject.App.main()] s.w.s.m.m.a.RequestMappingHandlerMapping : Mapped "{[/users/{id}],methods=[DELETE]}" onto public org.springframework.http.ResponseEntity<java.lang.Object> com.mwersky.FinalProject.controller.UserController.deleteUser(java.lang.Long)
2021-01-29 01:33:22.700  INFO DESKTOP-KABRR1S
			--- [ject.App.main()] s.w.s.m.m.a.RequestMappingHandlerMapping : Mapped "{[/users/{id}],methods=[PUT]}" onto public org.springframework.http.ResponseEntity<java.lang.Object> com.mwersky.FinalProject.controller.UserController.updateUser(com.mwersky.FinalProject.entity.User,java.lang.Long)
2021-01-29 01:33:22.700  INFO DESKTOP-KABRR1S
			--- [ject.App.main()] s.w.s.m.m.a.RequestMappingHandlerMapping : Mapped "{[/users/register],methods=[POST]}" onto public org.springframework.http.ResponseEntity<java.lang.Object> com.mwersky.FinalProject.controller.UserController.register(com.mwersky.FinalProject.entity.Credentials)
2021-01-29 01:33:22.702  INFO DESKTOP-KABRR1S
			--- [ject.App.main()] s.w.s.m.m.a.RequestMappingHandlerMapping : Mapped "{[/error],produces=[text/html]}" onto public org.springframework.web.servlet.ModelAndView org.springframework.boot.autoconfigure.web.BasicErrorController.errorHtml(javax.servlet.http.HttpServletRequest)
2021-01-29 01:33:22.702  INFO DESKTOP-KABRR1S
			--- [ject.App.main()] s.w.s.m.m.a.RequestMappingHandlerMapping : Mapped "{[/error]}" onto public org.springframework.http.ResponseEntity<java.util.Map<java.lang.String, java.lang.Object>> org.springframework.boot.autoconfigure.web.BasicErrorController.error(javax.servlet.http.HttpServletRequest)
2021-01-29 01:33:22.719  INFO DESKTOP-KABRR1S
			--- [ject.App.main()] o.s.w.s.h.SimpleUrlHandlerMapping        : Mapped URL path [/webjars/**] onto handler of type [class org.springframework.web.servlet.resource.ResourceHttpRequestHandler]
2021-01-29 01:33:22.719  INFO DESKTOP-KABRR1S
			--- [ject.App.main()] o.s.w.s.h.SimpleUrlHandlerMapping        : Mapped URL path [/**] onto handler of type [class org.springframework.web.servlet.resource.ResourceHttpRequestHandler]
2021-01-29 01:33:22.757  INFO DESKTOP-KABRR1S
			--- [ject.App.main()] o.s.w.s.h.SimpleUrlHandlerMapping        : Mapped URL path [/**/favicon.ico] onto handler of type [class org.springframework.web.servlet.resource.ResourceHttpRequestHandler]
2021-01-29 01:33:22.864  INFO DESKTOP-KABRR1S
			--- [ject.App.main()] o.s.j.e.a.AnnotationMBeanExporter        : Registering beans for JMX exposure on startup
2021-01-29 01:33:22.887  INFO DESKTOP-KABRR1S
			--- [ject.App.main()] o.a.c.h.Http11NioProtocol                : Initializing ProtocolHandler ["http-nio-8080"]
2021-01-29 01:33:22.893  INFO DESKTOP-KABRR1S
			--- [ject.App.main()] o.a.c.h.Http11NioProtocol                : Starting ProtocolHandler ["http-nio-8080"]
2021-01-29 01:33:22.902  INFO DESKTOP-KABRR1S
			--- [ject.App.main()] o.a.t.u.n.NioSelectorPool                : Using a shared selector for servlet write/read
2021-01-29 01:33:22.915  INFO DESKTOP-KABRR1S
			--- [ject.App.main()] s.b.c.e.t.TomcatEmbeddedServletContainer : Tomcat started on port(s): 8080 (http)
2021-01-29 01:33:22.917  INFO DESKTOP-KABRR1S
			--- [ject.App.main()] c.m.F.App                                : Started App in 4.297 seconds (JVM running for 7.601)
2021-01-29 01:34:12.693  INFO DESKTOP-KABRR1S
			--- [       Thread-2] ationConfigEmbeddedWebApplicationContext : Closing org.springframework.boot.context.embedded.AnnotationConfigEmbeddedWebApplicationContext@3b8330e4: startup date [Fri Jan 29 17:33:18 PST 2021]; root of context hierarchy
2021-01-29 01:10:38.673  INFO DESKTOP-KABRR1S
			--- [ject.App.main()] c.m.F.App                                : Starting App on DESKTOP-KABRR1S with PID 12624 (C:\Users\dunge\spring-tools-workspace\FinalProject\target\classes started by dunge in C:\Users\dunge\spring-tools-workspace\FinalProject)
2021-01-29 01:10:38.697  INFO DESKTOP-KABRR1S
			--- [ject.App.main()] ationConfigEmbeddedWebApplicationContext : Refreshing org.springframework.boot.context.embedded.AnnotationConfigEmbeddedWebApplicationContext@8bbc870: startup date [Fri Jan 29 18:10:38 PST 2021]; root of context hierarchy
2021-01-29 01:10:39.084  INFO DESKTOP-KABRR1S
			--- [ject.App.main()] o.s.b.f.s.DefaultListableBeanFactory     : Overriding bean definition for bean 'beanNameViewResolver': replacing [Root bean: class [null]; scope=; abstract=false; lazyInit=false; autowireMode=3; dependencyCheck=0; autowireCandidate=true; primary=false; factoryBeanName=org.springframework.boot.autoconfigure.web.ErrorMvcAutoConfiguration$WhitelabelErrorViewConfiguration; factoryMethodName=beanNameViewResolver; initMethodName=null; destroyMethodName=(inferred); defined in class path resource [org/springframework/boot/autoconfigure/web/ErrorMvcAutoConfiguration$WhitelabelErrorViewConfiguration.class]] with [Root bean: class [null]; scope=; abstract=false; lazyInit=false; autowireMode=3; dependencyCheck=0; autowireCandidate=true; primary=false; factoryBeanName=org.springframework.boot.autoconfigure.web.WebMvcAutoConfiguration$WebMvcAutoConfigurationAdapter; factoryMethodName=beanNameViewResolver; initMethodName=null; destroyMethodName=(inferred); defined in class path resource [org/springframework/boot/autoconfigure/web/WebMvcAutoConfiguration$WebMvcAutoConfigurationAdapter.class]]
2021-01-29 01:10:39.430  INFO DESKTOP-KABRR1S
			--- [ject.App.main()] o.h.v.i.u.Version                        : HV000001: Hibernate Validator 5.1.3.Final
2021-01-29 01:10:39.540  INFO DESKTOP-KABRR1S
			--- [ject.App.main()] trationDelegate$BeanPostProcessorChecker : Bean 'org.springframework.transaction.annotation.ProxyTransactionManagementConfiguration' of type [class org.springframework.transaction.annotation.ProxyTransactionManagementConfiguration$$EnhancerBySpringCGLIB$$a888fdcc] is not eligible for getting processed by all BeanPostProcessors (for example: not eligible for auto-proxying)
2021-01-29 01:10:39.558  INFO DESKTOP-KABRR1S
			--- [ject.App.main()] trationDelegate$BeanPostProcessorChecker : Bean 'transactionAttributeSource' of type [class org.springframework.transaction.annotation.AnnotationTransactionAttributeSource] is not eligible for getting processed by all BeanPostProcessors (for example: not eligible for auto-proxying)
2021-01-29 01:10:39.564  INFO DESKTOP-KABRR1S
			--- [ject.App.main()] trationDelegate$BeanPostProcessorChecker : Bean 'transactionInterceptor' of type [class org.springframework.transaction.interceptor.TransactionInterceptor] is not eligible for getting processed by all BeanPostProcessors (for example: not eligible for auto-proxying)
2021-01-29 01:10:39.568  INFO DESKTOP-KABRR1S
			--- [ject.App.main()] trationDelegate$BeanPostProcessorChecker : Bean 'org.springframework.transaction.config.internalTransactionAdvisor' of type [class org.springframework.transaction.interceptor.BeanFactoryTransactionAttributeSourceAdvisor] is not eligible for getting processed by all BeanPostProcessors (for example: not eligible for auto-proxying)
2021-01-29 01:10:39.970  INFO DESKTOP-KABRR1S
			--- [ject.App.main()] s.b.c.e.t.TomcatEmbeddedServletContainer : Tomcat initialized with port(s): 8080 (http)
2021-01-29 01:10:40.049  INFO DESKTOP-KABRR1S
			--- [ject.App.main()] o.a.c.c.StandardService                  : Starting service Tomcat
2021-01-29 01:10:40.050  INFO DESKTOP-KABRR1S
			--- [ject.App.main()] o.a.c.c.StandardEngine                   : Starting Servlet Engine: Apache Tomcat/8.0.26
2021-01-29 01:10:40.113  INFO DESKTOP-KABRR1S
			--- [ost-startStop-1] o.a.c.c.C.[.[.[/]                        : Initializing Spring embedded WebApplicationContext
2021-01-29 01:10:40.113  INFO DESKTOP-KABRR1S
			--- [ost-startStop-1] o.s.w.c.ContextLoader                    : Root WebApplicationContext: initialization completed in 1416 ms
2021-01-29 01:10:40.496  INFO DESKTOP-KABRR1S
			--- [ost-startStop-1] o.s.b.c.e.ServletRegistrationBean        : Mapping servlet: 'dispatcherServlet' to [/]
2021-01-29 01:10:40.500  INFO DESKTOP-KABRR1S
			--- [ost-startStop-1] o.s.b.c.e.FilterRegistrationBean         : Mapping filter: 'characterEncodingFilter' to: [/*]
2021-01-29 01:10:40.501  INFO DESKTOP-KABRR1S
			--- [ost-startStop-1] o.s.b.c.e.FilterRegistrationBean         : Mapping filter: 'hiddenHttpMethodFilter' to: [/*]
2021-01-29 01:10:40.669  INFO DESKTOP-KABRR1S
			--- [ject.App.main()] j.LocalContainerEntityManagerFactoryBean : Building JPA container EntityManagerFactory for persistence unit 'default'
2021-01-29 01:10:40.678  INFO DESKTOP-KABRR1S
			--- [ject.App.main()] o.h.j.i.u.LogHelper                      : HHH000204: Processing PersistenceUnitInfo [
	name: default
	...]
2021-01-29 01:10:40.747  INFO DESKTOP-KABRR1S
			--- [ject.App.main()] o.h.Version                              : HHH000412: Hibernate Core {4.3.11.Final}
2021-01-29 01:10:40.748  INFO DESKTOP-KABRR1S
			--- [ject.App.main()] o.h.c.Environment                        : HHH000206: hibernate.properties not found
2021-01-29 01:10:40.750  INFO DESKTOP-KABRR1S
			--- [ject.App.main()] o.h.c.Environment                        : HHH000021: Bytecode provider name : javassist
2021-01-29 01:10:40.858  INFO DESKTOP-KABRR1S
			--- [ject.App.main()] o.h.a.c.Version                          : HCANN000001: Hibernate Commons Annotations {4.0.5.Final}
2021-01-29 01:10:41.552  INFO DESKTOP-KABRR1S
			--- [ject.App.main()] o.h.d.Dialect                            : HHH000400: Using dialect: org.hibernate.dialect.MySQL5Dialect
2021-01-29 01:10:41.630  INFO DESKTOP-KABRR1S
			--- [ject.App.main()] o.h.h.i.a.ASTQueryTranslatorFactory      : HHH000397: Using ASTQueryTranslatorFactory
2021-01-29 01:10:42.016  INFO DESKTOP-KABRR1S
			--- [ject.App.main()] o.h.t.h.SchemaExport                     : HHH000227: Running hbm2ddl schema export
2021-01-29 01:10:42.095  INFO DESKTOP-KABRR1S
			--- [ject.App.main()] o.h.t.h.SchemaExport                     : HHH000230: Schema export complete
2021-01-29 01:10:42.408  INFO DESKTOP-KABRR1S
			--- [ject.App.main()] s.w.s.m.m.a.RequestMappingHandlerAdapter : Looking for @ControllerAdvice: org.springframework.boot.context.embedded.AnnotationConfigEmbeddedWebApplicationContext@8bbc870: startup date [Fri Jan 29 18:10:38 PST 2021]; root of context hierarchy
2021-01-29 01:10:42.454  INFO DESKTOP-KABRR1S
			--- [ject.App.main()] s.w.s.m.m.a.RequestMappingHandlerMapping : Mapped "{[/users/register],methods=[POST]}" onto public org.springframework.http.ResponseEntity<java.lang.Object> com.mwersky.FinalProject.controller.UserController.register(com.mwersky.FinalProject.entity.Credentials)
2021-01-29 01:10:42.455  INFO DESKTOP-KABRR1S
			--- [ject.App.main()] s.w.s.m.m.a.RequestMappingHandlerMapping : Mapped "{[/users/{id}],methods=[PUT]}" onto public org.springframework.http.ResponseEntity<java.lang.Object> com.mwersky.FinalProject.controller.UserController.updateUser(com.mwersky.FinalProject.entity.User,java.lang.Long)
2021-01-29 01:10:42.455  INFO DESKTOP-KABRR1S
			--- [ject.App.main()] s.w.s.m.m.a.RequestMappingHandlerMapping : Mapped "{[/users/{id}],methods=[DELETE]}" onto public org.springframework.http.ResponseEntity<java.lang.Object> com.mwersky.FinalProject.controller.UserController.deleteUser(java.lang.Long)
2021-01-29 01:10:42.455  INFO DESKTOP-KABRR1S
			--- [ject.App.main()] s.w.s.m.m.a.RequestMappingHandlerMapping : Mapped "{[/users],methods=[GET]}" onto public org.springframework.http.ResponseEntity<java.lang.Object> com.mwersky.FinalProject.controller.UserController.getUsers()
2021-01-29 01:10:42.455  INFO DESKTOP-KABRR1S
			--- [ject.App.main()] s.w.s.m.m.a.RequestMappingHandlerMapping : Mapped "{[/users/login],methods=[POST]}" onto public org.springframework.http.ResponseEntity<java.lang.Object> com.mwersky.FinalProject.controller.UserController.login(com.mwersky.FinalProject.entity.Credentials)
2021-01-29 01:10:42.456  INFO DESKTOP-KABRR1S
			--- [ject.App.main()] s.w.s.m.m.a.RequestMappingHandlerMapping : Mapped "{[/error]}" onto public org.springframework.http.ResponseEntity<java.util.Map<java.lang.String, java.lang.Object>> org.springframework.boot.autoconfigure.web.BasicErrorController.error(javax.servlet.http.HttpServletRequest)
2021-01-29 01:10:42.457  INFO DESKTOP-KABRR1S
			--- [ject.App.main()] s.w.s.m.m.a.RequestMappingHandlerMapping : Mapped "{[/error],produces=[text/html]}" onto public org.springframework.web.servlet.ModelAndView org.springframework.boot.autoconfigure.web.BasicErrorController.errorHtml(javax.servlet.http.HttpServletRequest)
2021-01-29 01:10:42.473  INFO DESKTOP-KABRR1S
			--- [ject.App.main()] o.s.w.s.h.SimpleUrlHandlerMapping        : Mapped URL path [/webjars/**] onto handler of type [class org.springframework.web.servlet.resource.ResourceHttpRequestHandler]
2021-01-29 01:10:42.474  INFO DESKTOP-KABRR1S
			--- [ject.App.main()] o.s.w.s.h.SimpleUrlHandlerMapping        : Mapped URL path [/**] onto handler of type [class org.springframework.web.servlet.resource.ResourceHttpRequestHandler]
2021-01-29 01:10:42.497  INFO DESKTOP-KABRR1S
			--- [ject.App.main()] o.s.w.s.h.SimpleUrlHandlerMapping        : Mapped URL path [/**/favicon.ico] onto handler of type [class org.springframework.web.servlet.resource.ResourceHttpRequestHandler]
2021-01-29 01:10:42.590  INFO DESKTOP-KABRR1S
			--- [ject.App.main()] o.s.j.e.a.AnnotationMBeanExporter        : Registering beans for JMX exposure on startup
2021-01-29 01:10:42.611  INFO DESKTOP-KABRR1S
			--- [ject.App.main()] o.a.c.h.Http11NioProtocol                : Initializing ProtocolHandler ["http-nio-8080"]
2021-01-29 01:10:42.616  INFO DESKTOP-KABRR1S
			--- [ject.App.main()] o.a.c.h.Http11NioProtocol                : Starting ProtocolHandler ["http-nio-8080"]
2021-01-29 01:10:42.625  INFO DESKTOP-KABRR1S
			--- [ject.App.main()] o.a.t.u.n.NioSelectorPool                : Using a shared selector for servlet write/read
2021-01-29 01:10:42.638  INFO DESKTOP-KABRR1S
			--- [ject.App.main()] s.b.c.e.t.TomcatEmbeddedServletContainer : Tomcat started on port(s): 8080 (http)
2021-01-29 01:10:42.639  INFO DESKTOP-KABRR1S
			--- [ject.App.main()] c.m.F.App                                : Started App in 4.146 seconds (JVM running for 7.08)
2021-01-29 01:13:52.741  INFO DESKTOP-KABRR1S
			--- [ject.App.main()] c.m.F.App                                : Starting App on DESKTOP-KABRR1S with PID 4136 (C:\Users\dunge\spring-tools-workspace\FinalProject\target\classes started by dunge in C:\Users\dunge\spring-tools-workspace\FinalProject)
2021-01-29 01:13:52.765  INFO DESKTOP-KABRR1S
			--- [ject.App.main()] ationConfigEmbeddedWebApplicationContext : Refreshing org.springframework.boot.context.embedded.AnnotationConfigEmbeddedWebApplicationContext@1a6ac940: startup date [Fri Jan 29 18:13:52 PST 2021]; root of context hierarchy
2021-01-29 01:13:53.143  INFO DESKTOP-KABRR1S
			--- [ject.App.main()] o.s.b.f.s.DefaultListableBeanFactory     : Overriding bean definition for bean 'beanNameViewResolver': replacing [Root bean: class [null]; scope=; abstract=false; lazyInit=false; autowireMode=3; dependencyCheck=0; autowireCandidate=true; primary=false; factoryBeanName=org.springframework.boot.autoconfigure.web.ErrorMvcAutoConfiguration$WhitelabelErrorViewConfiguration; factoryMethodName=beanNameViewResolver; initMethodName=null; destroyMethodName=(inferred); defined in class path resource [org/springframework/boot/autoconfigure/web/ErrorMvcAutoConfiguration$WhitelabelErrorViewConfiguration.class]] with [Root bean: class [null]; scope=; abstract=false; lazyInit=false; autowireMode=3; dependencyCheck=0; autowireCandidate=true; primary=false; factoryBeanName=org.springframework.boot.autoconfigure.web.WebMvcAutoConfiguration$WebMvcAutoConfigurationAdapter; factoryMethodName=beanNameViewResolver; initMethodName=null; destroyMethodName=(inferred); defined in class path resource [org/springframework/boot/autoconfigure/web/WebMvcAutoConfiguration$WebMvcAutoConfigurationAdapter.class]]
2021-01-29 01:13:53.485  INFO DESKTOP-KABRR1S
			--- [ject.App.main()] o.h.v.i.u.Version                        : HV000001: Hibernate Validator 5.1.3.Final
2021-01-29 01:13:53.591  INFO DESKTOP-KABRR1S
			--- [ject.App.main()] trationDelegate$BeanPostProcessorChecker : Bean 'org.springframework.transaction.annotation.ProxyTransactionManagementConfiguration' of type [class org.springframework.transaction.annotation.ProxyTransactionManagementConfiguration$$EnhancerBySpringCGLIB$$a5b1bf1] is not eligible for getting processed by all BeanPostProcessors (for example: not eligible for auto-proxying)
2021-01-29 01:13:53.607  INFO DESKTOP-KABRR1S
			--- [ject.App.main()] trationDelegate$BeanPostProcessorChecker : Bean 'transactionAttributeSource' of type [class org.springframework.transaction.annotation.AnnotationTransactionAttributeSource] is not eligible for getting processed by all BeanPostProcessors (for example: not eligible for auto-proxying)
2021-01-29 01:13:53.614  INFO DESKTOP-KABRR1S
			--- [ject.App.main()] trationDelegate$BeanPostProcessorChecker : Bean 'transactionInterceptor' of type [class org.springframework.transaction.interceptor.TransactionInterceptor] is not eligible for getting processed by all BeanPostProcessors (for example: not eligible for auto-proxying)
2021-01-29 01:13:53.617  INFO DESKTOP-KABRR1S
			--- [ject.App.main()] trationDelegate$BeanPostProcessorChecker : Bean 'org.springframework.transaction.config.internalTransactionAdvisor' of type [class org.springframework.transaction.interceptor.BeanFactoryTransactionAttributeSourceAdvisor] is not eligible for getting processed by all BeanPostProcessors (for example: not eligible for auto-proxying)
2021-01-29 01:13:54.004  INFO DESKTOP-KABRR1S
			--- [ject.App.main()] s.b.c.e.t.TomcatEmbeddedServletContainer : Tomcat initialized with port(s): 8080 (http)
2021-01-29 01:13:54.089  INFO DESKTOP-KABRR1S
			--- [ject.App.main()] o.a.c.c.StandardService                  : Starting service Tomcat
2021-01-29 01:13:54.091  INFO DESKTOP-KABRR1S
			--- [ject.App.main()] o.a.c.c.StandardEngine                   : Starting Servlet Engine: Apache Tomcat/8.0.26
2021-01-29 01:13:54.162  INFO DESKTOP-KABRR1S
			--- [ost-startStop-1] o.a.c.c.C.[.[.[/]                        : Initializing Spring embedded WebApplicationContext
2021-01-29 01:13:54.162  INFO DESKTOP-KABRR1S
			--- [ost-startStop-1] o.s.w.c.ContextLoader                    : Root WebApplicationContext: initialization completed in 1399 ms
2021-01-29 01:13:54.565  INFO DESKTOP-KABRR1S
			--- [ost-startStop-1] o.s.b.c.e.ServletRegistrationBean        : Mapping servlet: 'dispatcherServlet' to [/]
2021-01-29 01:13:54.569  INFO DESKTOP-KABRR1S
			--- [ost-startStop-1] o.s.b.c.e.FilterRegistrationBean         : Mapping filter: 'characterEncodingFilter' to: [/*]
2021-01-29 01:13:54.569  INFO DESKTOP-KABRR1S
			--- [ost-startStop-1] o.s.b.c.e.FilterRegistrationBean         : Mapping filter: 'hiddenHttpMethodFilter' to: [/*]
2021-01-29 01:13:54.727  INFO DESKTOP-KABRR1S
			--- [ject.App.main()] j.LocalContainerEntityManagerFactoryBean : Building JPA container EntityManagerFactory for persistence unit 'default'
2021-01-29 01:13:54.735  INFO DESKTOP-KABRR1S
			--- [ject.App.main()] o.h.j.i.u.LogHelper                      : HHH000204: Processing PersistenceUnitInfo [
	name: default
	...]
2021-01-29 01:13:54.787  INFO DESKTOP-KABRR1S
			--- [ject.App.main()] o.h.Version                              : HHH000412: Hibernate Core {4.3.11.Final}
2021-01-29 01:13:54.788  INFO DESKTOP-KABRR1S
			--- [ject.App.main()] o.h.c.Environment                        : HHH000206: hibernate.properties not found
2021-01-29 01:13:54.789  INFO DESKTOP-KABRR1S
			--- [ject.App.main()] o.h.c.Environment                        : HHH000021: Bytecode provider name : javassist
2021-01-29 01:13:54.890  INFO DESKTOP-KABRR1S
			--- [ject.App.main()] o.h.a.c.Version                          : HCANN000001: Hibernate Commons Annotations {4.0.5.Final}
2021-01-29 01:13:55.607  INFO DESKTOP-KABRR1S
			--- [ject.App.main()] o.h.d.Dialect                            : HHH000400: Using dialect: org.hibernate.dialect.MySQL5Dialect
2021-01-29 01:13:55.688  INFO DESKTOP-KABRR1S
			--- [ject.App.main()] o.h.h.i.a.ASTQueryTranslatorFactory      : HHH000397: Using ASTQueryTranslatorFactory
2021-01-29 01:13:56.029  INFO DESKTOP-KABRR1S
			--- [ject.App.main()] o.h.t.h.SchemaExport                     : HHH000227: Running hbm2ddl schema export
2021-01-29 01:13:56.104  INFO DESKTOP-KABRR1S
			--- [ject.App.main()] o.h.t.h.SchemaExport                     : HHH000230: Schema export complete
2021-01-29 01:13:56.421  INFO DESKTOP-KABRR1S
			--- [ject.App.main()] s.w.s.m.m.a.RequestMappingHandlerAdapter : Looking for @ControllerAdvice: org.springframework.boot.context.embedded.AnnotationConfigEmbeddedWebApplicationContext@1a6ac940: startup date [Fri Jan 29 18:13:52 PST 2021]; root of context hierarchy
2021-01-29 01:13:56.472  INFO DESKTOP-KABRR1S
			--- [ject.App.main()] s.w.s.m.m.a.RequestMappingHandlerMapping : Mapped "{[/users/register],methods=[POST]}" onto public org.springframework.http.ResponseEntity<java.lang.Object> com.mwersky.FinalProject.controller.UserController.register(com.mwersky.FinalProject.entity.Credentials)
2021-01-29 01:13:56.472  INFO DESKTOP-KABRR1S
			--- [ject.App.main()] s.w.s.m.m.a.RequestMappingHandlerMapping : Mapped "{[/users/login],methods=[POST]}" onto public org.springframework.http.ResponseEntity<java.lang.Object> com.mwersky.FinalProject.controller.UserController.login(com.mwersky.FinalProject.entity.Credentials)
2021-01-29 01:13:56.472  INFO DESKTOP-KABRR1S
			--- [ject.App.main()] s.w.s.m.m.a.RequestMappingHandlerMapping : Mapped "{[/users],methods=[GET]}" onto public org.springframework.http.ResponseEntity<java.lang.Object> com.mwersky.FinalProject.controller.UserController.getUsers()
2021-01-29 01:13:56.473  INFO DESKTOP-KABRR1S
			--- [ject.App.main()] s.w.s.m.m.a.RequestMappingHandlerMapping : Mapped "{[/users/{id}],methods=[PUT]}" onto public org.springframework.http.ResponseEntity<java.lang.Object> com.mwersky.FinalProject.controller.UserController.updateUser(com.mwersky.FinalProject.entity.User,java.lang.Long)
2021-01-29 01:13:56.473  INFO DESKTOP-KABRR1S
			--- [ject.App.main()] s.w.s.m.m.a.RequestMappingHandlerMapping : Mapped "{[/users/{id}],methods=[DELETE]}" onto public org.springframework.http.ResponseEntity<java.lang.Object> com.mwersky.FinalProject.controller.UserController.deleteUser(java.lang.Long)
2021-01-29 01:13:56.473  INFO DESKTOP-KABRR1S
			--- [ject.App.main()] s.w.s.m.m.a.RequestMappingHandlerMapping : Mapped "{[/error]}" onto public org.springframework.http.ResponseEntity<java.util.Map<java.lang.String, java.lang.Object>> org.springframework.boot.autoconfigure.web.BasicErrorController.error(javax.servlet.http.HttpServletRequest)
2021-01-29 01:13:56.474  INFO DESKTOP-KABRR1S
			--- [ject.App.main()] s.w.s.m.m.a.RequestMappingHandlerMapping : Mapped "{[/error],produces=[text/html]}" onto public org.springframework.web.servlet.ModelAndView org.springframework.boot.autoconfigure.web.BasicErrorController.errorHtml(javax.servlet.http.HttpServletRequest)
2021-01-29 01:13:56.491  INFO DESKTOP-KABRR1S
			--- [ject.App.main()] o.s.w.s.h.SimpleUrlHandlerMapping        : Mapped URL path [/webjars/**] onto handler of type [class org.springframework.web.servlet.resource.ResourceHttpRequestHandler]
2021-01-29 01:13:56.491  INFO DESKTOP-KABRR1S
			--- [ject.App.main()] o.s.w.s.h.SimpleUrlHandlerMapping        : Mapped URL path [/**] onto handler of type [class org.springframework.web.servlet.resource.ResourceHttpRequestHandler]
2021-01-29 01:13:56.514  INFO DESKTOP-KABRR1S
			--- [ject.App.main()] o.s.w.s.h.SimpleUrlHandlerMapping        : Mapped URL path [/**/favicon.ico] onto handler of type [class org.springframework.web.servlet.resource.ResourceHttpRequestHandler]
2021-01-29 01:13:56.610  INFO DESKTOP-KABRR1S
			--- [ject.App.main()] o.s.j.e.a.AnnotationMBeanExporter        : Registering beans for JMX exposure on startup
2021-01-29 01:13:56.630  INFO DESKTOP-KABRR1S
			--- [ject.App.main()] o.a.c.h.Http11NioProtocol                : Initializing ProtocolHandler ["http-nio-8080"]
2021-01-29 01:13:56.636  INFO DESKTOP-KABRR1S
			--- [ject.App.main()] o.a.c.h.Http11NioProtocol                : Starting ProtocolHandler ["http-nio-8080"]
2021-01-29 01:13:56.645  INFO DESKTOP-KABRR1S
			--- [ject.App.main()] o.a.t.u.n.NioSelectorPool                : Using a shared selector for servlet write/read
2021-01-29 01:13:56.658  INFO DESKTOP-KABRR1S
			--- [ject.App.main()] s.b.c.e.t.TomcatEmbeddedServletContainer : Tomcat started on port(s): 8080 (http)
2021-01-29 01:13:56.660  INFO DESKTOP-KABRR1S
			--- [ject.App.main()] c.m.F.App                                : Started App in 4.095 seconds (JVM running for 7.073)
2021-01-29 01:14:03.777  INFO DESKTOP-KABRR1S
			--- [nio-8080-exec-2] o.a.c.c.C.[.[.[/]                        : Initializing Spring FrameworkServlet 'dispatcherServlet'
2021-01-29 01:14:03.777  INFO DESKTOP-KABRR1S
			--- [nio-8080-exec-2] o.s.w.s.DispatcherServlet                : FrameworkServlet 'dispatcherServlet': initialization started
2021-01-29 01:14:03.793  INFO DESKTOP-KABRR1S
			--- [nio-8080-exec-2] o.s.w.s.DispatcherServlet                : FrameworkServlet 'dispatcherServlet': initialization completed in 15 ms
